app/build/outputs/logs/manifest-merger-debug-report.txt
-- Merging decision tree log ---
manifest
ADDED from src\main\AndroidManifest.xml:2:1-236:12
	package
		ADDED from src\main\AndroidManifest.xml:3:5-38
		INJECTED from src\main\AndroidManifest.xml
		INJECTED from src\main\AndroidManifest.xml
	android:versionName
		INJECTED from src\main\AndroidManifest.xml
		INJECTED from src\main\AndroidManifest.xml
	xmlns:android
		ADDED from src\main\AndroidManifest.xml:2:11-69
	android:versionCode
		INJECTED from src\main\AndroidManifest.xml
		INJECTED from src\main\AndroidManifest.xml
uses-permission#android.permission.CAMERA
ADDED from src\main\AndroidManifest.xml:6:5-65
	android:name
		ADDED from src\main\AndroidManifest.xml:6:22-62
uses-feature#android.hardware.camera
ADDED from src\main\AndroidManifest.xml:8:5-60
	android:name
		ADDED from src\main\AndroidManifest.xml:8:19-57
uses-feature#android.hardware.camera.autofocus
ADDED from src\main\AndroidManifest.xml:9:5-70
	android:name
		ADDED from src\main\AndroidManifest.xml:9:19-67
uses-permission#android.permission.ACCESS_WIFI_STATE
ADDED from src\main\AndroidManifest.xml:11:5-76
	android:name
		ADDED from src\main\AndroidManifest.xml:11:22-73
uses-permission#android.permission.CHANGE_WIFI_STATE
ADDED from src\main\AndroidManifest.xml:12:5-76
	android:name
		ADDED from src\main\AndroidManifest.xml:12:22-73
uses-permission#android.permission.READ_EXTERNAL_STORAGE
ADDED from src\main\AndroidManifest.xml:14:5-80
	android:name
		ADDED from src\main\AndroidManifest.xml:14:22-77
uses-permission#android.permission.WRITE_EXTERNAL_STORAGE
ADDED from src\main\AndroidManifest.xml:15:5-81
	android:name
		ADDED from src\main\AndroidManifest.xml:15:22-78
uses-permission#android.permission.INTERNET
ADDED from src\main\AndroidManifest.xml:17:5-67
	android:name
		ADDED from src\main\AndroidManifest.xml:17:22-64
uses-permission#android.permission.BLUETOOTH
ADDED from src\main\AndroidManifest.xml:19:5-68
	android:name
		ADDED from src\main\AndroidManifest.xml:19:22-65
uses-permission#android.permission.BLUETOOTH_ADMIN
ADDED from src\main\AndroidManifest.xml:20:5-74
	android:name
		ADDED from src\main\AndroidManifest.xml:20:22-71
uses-permission#android.permission.WAKE_LOCK
ADDED from src\main\AndroidManifest.xml:21:5-68
	android:name
		ADDED from src\main\AndroidManifest.xml:21:22-65
uses-permission#android.permission.DISABLE_KEYGUARD
ADDED from src\main\AndroidManifest.xml:22:5-75
	android:name
		ADDED from src\main\AndroidManifest.xml:22:22-72
uses-permission#android.permission.READ_PHONE_STATE
ADDED from src\main\AndroidManifest.xml:23:5-75
	android:name
		ADDED from src\main\AndroidManifest.xml:23:22-72
uses-permission#android.permission.ACCESS_NETWORK_STATE
ADDED from src\main\AndroidManifest.xml:25:5-79
	android:name
		ADDED from src\main\AndroidManifest.xml:25:22-76
uses-permission#android.permission.READ_LOGS
ADDED from src\main\AndroidManifest.xml:27:5-68
	android:name
		ADDED from src\main\AndroidManifest.xml:27:22-65
uses-permission#android.permission.NFC
ADDED from src\main\AndroidManifest.xml:33:5-62
	android:name
		ADDED from src\main\AndroidManifest.xml:33:22-59
uses-feature#android.hardware.nfc
ADDED from src\main\AndroidManifest.xml:35:5-37:35
	android:required
		ADDED from src\main\AndroidManifest.xml:37:9-32
	android:name
		ADDED from src\main\AndroidManifest.xml:36:9-44
application
ADDED from src\main\AndroidManifest.xml:45:5-234:19
MERGED from [com.google.android.gms:play-services-appindexing:8.4.0] AndroidManifest.xml:19:5-20
MERGED from [com.google.android.gms:play-services-basement:8.4.0] AndroidManifest.xml:20:5-24:19
MERGED from [com.android.support:support-v4:23.0.0] AndroidManifest.xml:22:5-20
	android:label
		ADDED from src\main\AndroidManifest.xml:49:9-41
	android:allowBackup
		ADDED from src\main\AndroidManifest.xml:47:9-35
	android:icon
		ADDED from src\main\AndroidManifest.xml:48:9-42
	android:theme
		ADDED from src\main\AndroidManifest.xml:50:9-40
	android:name
		ADDED from src\main\AndroidManifest.xml:46:9-38
activity#cn.runvision.facedetect.MainActivity
ADDED from src\main\AndroidManifest.xml:53:9-58:53
	android:screenOrientation
		ADDED from src\main\AndroidManifest.xml:58:13-50
	android:label
		ADDED from src\main\AndroidManifest.xml:56:13-45
	android:launchMode
		ADDED from src\main\AndroidManifest.xml:57:13-44
	android:configChanges
		ADDED from src\main\AndroidManifest.xml:55:13-74
	android:name
		ADDED from src\main\AndroidManifest.xml:54:13-41
activity#cn.runvision.facedetect.WelcomeActivity
ADDED from src\main\AndroidManifest.xml:61:9-70:20
	android:screenOrientation
		ADDED from src\main\AndroidManifest.xml:64:13-50
	android:launchMode
		ADDED from src\main\AndroidManifest.xml:63:13-44
	android:name
		ADDED from src\main\AndroidManifest.xml:62:13-44
intent-filter#android.intent.action.MAIN+android.intent.category.LAUNCHER
ADDED from src\main\AndroidManifest.xml:65:13-69:29
action#android.intent.action.MAIN
ADDED from src\main\AndroidManifest.xml:66:17-69
	android:name
		ADDED from src\main\AndroidManifest.xml:66:25-66
category#android.intent.category.LAUNCHER
ADDED from src\main\AndroidManifest.xml:68:17-77
	android:name
		ADDED from src\main\AndroidManifest.xml:68:27-74
activity#cn.runvision.facedetect.SetServerIP
ADDED from src\main\AndroidManifest.xml:71:9-74:47
	android:label
		ADDED from src\main\AndroidManifest.xml:73:13-34
	android:launchMode
		ADDED from src\main\AndroidManifest.xml:74:13-44
	android:name
		ADDED from src\main\AndroidManifest.xml:72:13-40
activity#cn.runvision.facedetect.RecognizeRecordActivity
ADDED from src\main\AndroidManifest.xml:75:9-81:67
	android:screenOrientation
		ADDED from src\main\AndroidManifest.xml:80:13-50
	android:label
		ADDED from src\main\AndroidManifest.xml:78:13-33
	android:launchMode
		ADDED from src\main\AndroidManifest.xml:79:13-44
	android:windowSoftInputMode
		ADDED from src\main\AndroidManifest.xml:81:13-64
	android:configChanges
		ADDED from src\main\AndroidManifest.xml:77:13-48
	android:name
		ADDED from src\main\AndroidManifest.xml:76:13-52
activity#cn.runvision.facedetect.ShowOperationListPage
ADDED from src\main\AndroidManifest.xml:82:9-85:47
	android:label
		ADDED from src\main\AndroidManifest.xml:84:13-33
	android:launchMode
		ADDED from src\main\AndroidManifest.xml:85:13-44
	android:name
		ADDED from src\main\AndroidManifest.xml:83:13-50
activity#cn.runvision.facedetect.ShowRecordDetailPage
ADDED from src\main\AndroidManifest.xml:86:9-91:53
	android:screenOrientation
		ADDED from src\main\AndroidManifest.xml:91:13-50
	android:label
		ADDED from src\main\AndroidManifest.xml:89:13-33
	android:launchMode
		ADDED from src\main\AndroidManifest.xml:90:13-44
	android:configChanges
		ADDED from src\main\AndroidManifest.xml:88:13-48
	android:name
		ADDED from src\main\AndroidManifest.xml:87:13-49
activity#cn.runvision.facedetect.SettingPage
ADDED from src\main\AndroidManifest.xml:92:9-95:47
	android:label
		ADDED from src\main\AndroidManifest.xml:94:13-33
	android:launchMode
		ADDED from src\main\AndroidManifest.xml:95:13-44
	android:name
		ADDED from src\main\AndroidManifest.xml:93:13-40
activity#cn.runvision.facedetect.OtherSetPage
ADDED from src\main\AndroidManifest.xml:96:9-99:47
	android:label
		ADDED from src\main\AndroidManifest.xml:98:13-33
	android:launchMode
		ADDED from src\main\AndroidManifest.xml:99:13-44
	android:name
		ADDED from src\main\AndroidManifest.xml:97:13-41
activity#cn.runvision.facedetect.GridViewActivity
ADDED from src\main\AndroidManifest.xml:100:9-103:47
	android:label
		ADDED from src\main\AndroidManifest.xml:102:13-33
	android:launchMode
		ADDED from src\main\AndroidManifest.xml:103:13-44
	android:name
		ADDED from src\main\AndroidManifest.xml:101:13-45
activity#cn.runvision.facedetect.ImageViewActivity
ADDED from src\main\AndroidManifest.xml:104:9-107:47
	android:label
		ADDED from src\main\AndroidManifest.xml:106:13-33
	android:launchMode
		ADDED from src\main\AndroidManifest.xml:107:13-44
	android:name
		ADDED from src\main\AndroidManifest.xml:105:13-46
activity#cn.runvision.facedetect.AboutPage
ADDED from src\main\AndroidManifest.xml:108:9-110:47
	android:launchMode
		ADDED from src\main\AndroidManifest.xml:110:13-44
	android:name
		ADDED from src\main\AndroidManifest.xml:109:13-38
activity#cn.runvision.facedetect.onetoonecompare.SelectMode
ADDED from src\main\AndroidManifest.xml:111:9-113:47
	android:launchMode
		ADDED from src\main\AndroidManifest.xml:113:13-44
	android:name
		ADDED from src\main\AndroidManifest.xml:112:13-55
activity#cn.runvision.facedetect.onetoonecompare.BluetoothActivity
ADDED from src\main\AndroidManifest.xml:114:9-116:47
	android:launchMode
		ADDED from src\main\AndroidManifest.xml:116:13-44
	android:name
		ADDED from src\main\AndroidManifest.xml:115:13-62
activity#cn.runvision.facedetect.BTReadIDCardActivity
ADDED from src\main\AndroidManifest.xml:117:9-119:47
	android:launchMode
		ADDED from src\main\AndroidManifest.xml:119:13-44
	android:name
		ADDED from src\main\AndroidManifest.xml:118:13-49
activity#cn.runvision.facedetect.onetoonecompare.Main1T1Activity
ADDED from src\main\AndroidManifest.xml:121:9-125:52
	android:screenOrientation
		ADDED from src\main\AndroidManifest.xml:125:13-49
	android:launchMode
		ADDED from src\main\AndroidManifest.xml:124:13-44
	android:configChanges
		ADDED from src\main\AndroidManifest.xml:123:13-74
	android:name
		ADDED from src\main\AndroidManifest.xml:122:13-60
activity#cn.runvision.facedetect.onetoonecompare.TakeMouldActivity
ADDED from src\main\AndroidManifest.xml:126:9-128:47
	android:launchMode
		ADDED from src\main\AndroidManifest.xml:128:13-44
	android:name
		ADDED from src\main\AndroidManifest.xml:127:13-62
activity#cn.runvision.facedetect.Show1T1ResultActivity
ADDED from src\main\AndroidManifest.xml:129:9-134:64
	android:screenOrientation
		ADDED from src\main\AndroidManifest.xml:133:13-50
	android:launchMode
		ADDED from src\main\AndroidManifest.xml:132:13-44
	android:configChanges
		ADDED from src\main\AndroidManifest.xml:131:13-74
	android:theme
		ADDED from src\main\AndroidManifest.xml:134:13-61
	android:name
		ADDED from src\main\AndroidManifest.xml:130:13-50
activity#cn.runvision.facedetect.onetoonecompare.ShowFaceActivity
ADDED from src\main\AndroidManifest.xml:135:9-137:47
	android:launchMode
		ADDED from src\main\AndroidManifest.xml:137:13-44
	android:name
		ADDED from src\main\AndroidManifest.xml:136:13-61
activity#cn.runvision.facedetect.onetoonecompare.GetLocalFaceActivity
ADDED from src\main\AndroidManifest.xml:138:9-143:64
	android:screenOrientation
		ADDED from src\main\AndroidManifest.xml:142:13-50
	android:launchMode
		ADDED from src\main\AndroidManifest.xml:141:13-44
	android:configChanges
		ADDED from src\main\AndroidManifest.xml:140:13-74
	android:theme
		ADDED from src\main\AndroidManifest.xml:143:13-61
	android:name
		ADDED from src\main\AndroidManifest.xml:139:13-65
activity#cn.runvision.facedetect.MultipleFacesActivity
ADDED from src\main\AndroidManifest.xml:144:9-149:64
	android:screenOrientation
		ADDED from src\main\AndroidManifest.xml:148:13-50
	android:launchMode
		ADDED from src\main\AndroidManifest.xml:147:13-44
	android:configChanges
		ADDED from src\main\AndroidManifest.xml:146:13-74
	android:theme
		ADDED from src\main\AndroidManifest.xml:149:13-61
	android:name
		ADDED from src\main\AndroidManifest.xml:145:13-50
activity#cn.runvision.facedetect.onetoonecompare.NFCMainActivity
ADDED from src\main\AndroidManifest.xml:155:9-159:45
	android:stateNotNeeded
		ADDED from src\main\AndroidManifest.xml:159:13-42
	android:launchMode
		ADDED from src\main\AndroidManifest.xml:158:13-44
	android:alwaysRetainTaskState
		ADDED from src\main\AndroidManifest.xml:157:13-50
	android:name
		ADDED from src\main\AndroidManifest.xml:156:13-60
activity#cn.runvision.facedetect.onetoonecompare.NFCReadActivityNFC
ADDED from src\main\AndroidManifest.xml:160:9-165:45
	android:screenOrientation
		ADDED from src\main\AndroidManifest.xml:164:13-49
	android:stateNotNeeded
		ADDED from src\main\AndroidManifest.xml:165:13-42
	android:launchMode
		ADDED from src\main\AndroidManifest.xml:163:13-44
	android:alwaysRetainTaskState
		ADDED from src\main\AndroidManifest.xml:162:13-50
	android:name
		ADDED from src\main\AndroidManifest.xml:161:13-63
activity#cn.runvision.facedetect.NewSettingPage
ADDED from src\main\AndroidManifest.xml:166:9-181:20
	android:screenOrientation
		ADDED from src\main\AndroidManifest.xml:171:13-50
	android:label
		ADDED from src\main\AndroidManifest.xml:169:13-68
	android:launchMode
		ADDED from src\main\AndroidManifest.xml:170:13-44
	android:windowSoftInputMode
		ADDED from src\main\AndroidManifest.xml:173:13-54
	android:configChanges
		ADDED from src\main\AndroidManifest.xml:168:13-48
	android:theme
		ADDED from src\main\AndroidManifest.xml:172:13-61
	android:name
		ADDED from src\main\AndroidManifest.xml:167:13-43
intent-filter#android.hardware.usb.action.USB_DEVICE_ATTACHED
ADDED from src\main\AndroidManifest.xml:174:13-176:29
action#android.hardware.usb.action.USB_DEVICE_ATTACHED
ADDED from src\main\AndroidManifest.xml:175:17-90
	android:name
		ADDED from src\main\AndroidManifest.xml:175:25-87
meta-data#android.hardware.usb.action.USB_DEVICE_ATTACHED
ADDED from src\main\AndroidManifest.xml:178:13-180:57
	android:resource
		ADDED from src\main\AndroidManifest.xml:180:17-54
	android:name
		ADDED from src\main\AndroidManifest.xml:179:17-79
activity#cn.runvision.facedetect.FaceLoginActivity
ADDED from src\main\AndroidManifest.xml:182:9-184:47
	android:launchMode
		ADDED from src\main\AndroidManifest.xml:184:13-44
	android:name
		ADDED from src\main\AndroidManifest.xml:183:13-46
activity#cn.runvision.facedetect.UserInfoSetPage
ADDED from src\main\AndroidManifest.xml:185:9-187:47
	android:launchMode
		ADDED from src\main\AndroidManifest.xml:187:13-44
	android:name
		ADDED from src\main\AndroidManifest.xml:186:13-44
activity#cn.runvision.facedetect.ModifyPasswdPage
ADDED from src\main\AndroidManifest.xml:188:9-190:47
	android:launchMode
		ADDED from src\main\AndroidManifest.xml:190:13-44
	android:name
		ADDED from src\main\AndroidManifest.xml:189:13-45
activity#cn.runvision.facedetect.RegisterFaceActivity
ADDED from src\main\AndroidManifest.xml:191:9-193:47
	android:launchMode
		ADDED from src\main\AndroidManifest.xml:193:13-44
	android:name
		ADDED from src\main\AndroidManifest.xml:192:13-49
activity#cn.runvision.facedetect.Firs2DPage
ADDED from src\main\AndroidManifest.xml:194:9-196:47
	android:launchMode
		ADDED from src\main\AndroidManifest.xml:196:13-44
	android:name
		ADDED from src\main\AndroidManifest.xml:195:13-39
service#cn.runvision.utils.MyService
ADDED from src\main\AndroidManifest.xml:198:9-202:19
	android:name
		ADDED from src\main\AndroidManifest.xml:198:18-61
intent-filter#com.firs.cn.MyService
ADDED from src\main\AndroidManifest.xml:199:13-201:29
action#com.firs.cn.MyService
ADDED from src\main\AndroidManifest.xml:200:17-64
	android:name
		ADDED from src\main\AndroidManifest.xml:200:25-61
activity#cn.runvision.facedetect.IDCardInfoActivity
ADDED from src\main\AndroidManifest.xml:204:9-210:64
	android:screenOrientation
		ADDED from src\main\AndroidManifest.xml:209:13-50
	android:label
		ADDED from src\main\AndroidManifest.xml:207:13-34
	android:launchMode
		ADDED from src\main\AndroidManifest.xml:208:13-44
	android:configChanges
		ADDED from src\main\AndroidManifest.xml:206:13-74
	android:theme
		ADDED from src\main\AndroidManifest.xml:210:13-61
	android:name
		ADDED from src\main\AndroidManifest.xml:205:13-47
activity#cn.runvision.facedetect.BackgroundImage
ADDED from src\main\AndroidManifest.xml:211:9-216:53
	android:screenOrientation
		ADDED from src\main\AndroidManifest.xml:216:13-50
	android:label
		ADDED from src\main\AndroidManifest.xml:214:13-68
	android:launchMode
		ADDED from src\main\AndroidManifest.xml:215:13-44
	android:configChanges
		ADDED from src\main\AndroidManifest.xml:213:13-74
	android:name
		ADDED from src\main\AndroidManifest.xml:212:13-44
service#com.kaer.service.ReadID2Card
ADDED from src\main\AndroidManifest.xml:218:9-220:39
	android:priority
		ADDED from src\main\AndroidManifest.xml:220:13-36
	android:name
		ADDED from src\main\AndroidManifest.xml:219:13-56
activity#cn.runvision.facedetect.ShowOutOfTimeActivity
ADDED from src\main\AndroidManifest.xml:226:9-229:80
	android:screenOrientation
		ADDED from src\main\AndroidManifest.xml:228:13-50
	android:label
		ADDED from src\main\AndroidManifest.xml:229:13-68
	android:name
		ADDED from src\main\AndroidManifest.xml:227:13-50
meta-data#com.google.android.gms.version
ADDED from src\main\AndroidManifest.xml:231:9-233:69
MERGED from [com.google.android.gms:play-services-basement:8.4.0] AndroidManifest.xml:21:9-23:69
	android:value
		ADDED from src\main\AndroidManifest.xml:233:13-66
	android:name
		ADDED from src\main\AndroidManifest.xml:232:13-58
uses-sdk
INJECTED from src\main\AndroidManifest.xml reason: use-sdk injection requested
MERGED from [com.tencent.bugly:crashreport:2.3.1] AndroidManifest.xml:7:5-9:41
MERGED from [com.google.android.gms:play-services-appindexing:8.4.0] AndroidManifest.xml:18:5-42
MERGED from [com.google.android.gms:play-services-base:8.4.0] AndroidManifest.xml:18:5-42
MERGED from [com.google.android.gms:play-services-basement:8.4.0] AndroidManifest.xml:18:5-42
MERGED from [com.android.support:support-v4:23.0.0] AndroidManifest.xml:20:5-43
	android:targetSdkVersion
		INJECTED from src\main\AndroidManifest.xml
		INJECTED from src\main\AndroidManifest.xml
	android:minSdkVersion
		INJECTED from src\main\AndroidManifest.xml
		INJECTED from src\main\AndroidManifest.xml